<?xml version="1.0" encoding="UTF-8"?>
<testsuite name="hello.ApplicationMockMvcTests" time="0" tests="1" errors="0" skipped="1" failures="0">
  <properties>
[...]
</properties>
  <testcase name="load" classname="hello.ApplicationMockMvcTests" time="0">
    <skipped/>
    <system-out><![CDATA[03:18:00.236 [main] DEBUG org.springframework.test.context.junit4.SpringJUnit4ClassRunner - SpringJUnit4ClassRunner constructor called with [class hello.ApplicationMockMvcTests]
03:18:00.276 [main] DEBUG org.springframework.test.context.BootstrapUtils - Instantiating CacheAwareContextLoaderDelegate from class [org.springframework.test.context.cache.DefaultCacheAwareContextLoaderDelegate]
03:18:00.379 [main] DEBUG org.springframework.test.context.BootstrapUtils - Instantiating BootstrapContext using constructor [public org.springframework.test.context.support.DefaultBootstrapContext(java.lang.Class,org.springframework.test.context.CacheAwareContextLoaderDelegate)]
03:18:00.659 [main] DEBUG org.springframework.test.context.BootstrapUtils - Instantiating TestContextBootstrapper for test class [hello.ApplicationMockMvcTests] from class [org.springframework.boot.test.context.SpringBootTestContextBootstrapper]
03:18:00.773 [main] INFO org.springframework.boot.test.context.SpringBootTestContextBootstrapper - Neither @ContextConfiguration nor @ContextHierarchy found for test class [hello.ApplicationMockMvcTests], using SpringBootContextLoader
03:18:00.784 [main] DEBUG org.springframework.test.context.support.AbstractContextLoader - Did not detect default resource location for test class [hello.ApplicationMockMvcTests]: class path resource [hello/ApplicationMockMvcTests-context.xml] does not exist
03:18:00.784 [main] DEBUG org.springframework.test.context.support.AbstractContextLoader - Did not detect default resource location for test class [hello.ApplicationMockMvcTests]: class path resource [hello/ApplicationMockMvcTestsContext.groovy] does not exist
03:18:00.785 [main] INFO org.springframework.test.context.support.AbstractContextLoader - Could not detect default resource locations for test class [hello.ApplicationMockMvcTests]: no resource found for suffixes {-context.xml, Context.groovy}.
03:18:00.788 [main] INFO org.springframework.test.context.support.AnnotationConfigContextLoaderUtils - Could not detect default configuration classes for test class [hello.ApplicationMockMvcTests]: ApplicationMockMvcTests does not declare any static, non-private, non-final, nested classes annotated with @Configuration.
03:18:01.174 [main] DEBUG org.springframework.test.context.support.ActiveProfilesUtils - Could not find an 'annotation declaring class' for annotation type [org.springframework.test.context.ActiveProfiles] and class [hello.ApplicationMockMvcTests]
03:18:01.241 [main] DEBUG org.springframework.core.env.StandardEnvironment - Adding [systemProperties] PropertySource with lowest search precedence
03:18:01.266 [main] DEBUG org.springframework.core.env.StandardEnvironment - Adding [systemEnvironment] PropertySource with lowest search precedence
03:18:01.291 [main] DEBUG org.springframework.core.env.StandardEnvironment - Initialized StandardEnvironment with PropertySources [systemProperties,systemEnvironment]
03:18:01.370 [main] DEBUG org.springframework.core.io.support.PathMatchingResourcePatternResolver - Resolved classpath location [hello/] to resources [URL [file:/C:/Users/Take%20Action/git/jv-spring-boot/target/test-classes/hello/], URL [file:/C:/Users/Take%20Action/git/jv-spring-boot/target/classes/hello/]]
03:18:01.370 [main] DEBUG org.springframework.core.io.support.PathMatchingResourcePatternResolver - Looking for matching resources in directory tree [C:\Users\Take Action\git\jv-spring-boot\target\test-classes\hello]
03:18:01.371 [main] DEBUG org.springframework.core.io.support.PathMatchingResourcePatternResolver - Searching directory [C:\Users\Take Action\git\jv-spring-boot\target\test-classes\hello] for files matching pattern [C:/Users/Take Action/git/jv-spring-boot/target/test-classes/hello/*.class]
03:18:01.405 [main] DEBUG org.springframework.core.io.support.PathMatchingResourcePatternResolver - Looking for matching resources in directory tree [C:\Users\Take Action\git\jv-spring-boot\target\classes\hello]
03:18:01.439 [main] DEBUG org.springframework.core.io.support.PathMatchingResourcePatternResolver - Searching directory [C:\Users\Take Action\git\jv-spring-boot\target\classes\hello] for files matching pattern [C:/Users/Take Action/git/jv-spring-boot/target/classes/hello/*.class]
03:18:01.442 [main] DEBUG org.springframework.core.io.support.PathMatchingResourcePatternResolver - Resolved location pattern [classpath*:hello/*.class] to resources [file [C:\Users\Take Action\git\jv-spring-boot\target\test-classes\hello\ApplicationMockMvcTests.class], file [C:\Users\Take Action\git\jv-spring-boot\target\classes\hello\Application.class], file [C:\Users\Take Action\git\jv-spring-boot\target\classes\hello\UserLogin.class], file [C:\Users\Take Action\git\jv-spring-boot\target\classes\hello\WebController.class]]
03:18:01.709 [main] DEBUG org.springframework.context.annotation.ClassPathScanningCandidateComponentProvider - Identified candidate component class: file [C:\Users\Take Action\git\jv-spring-boot\target\classes\hello\Application.class]
03:18:01.765 [main] INFO org.springframework.boot.test.context.SpringBootTestContextBootstrapper - Found @SpringBootConfiguration hello.Application for test class hello.ApplicationMockMvcTests
03:18:01.848 [main] DEBUG org.springframework.boot.test.context.SpringBootTestContextBootstrapper - @TestExecutionListeners is not present for class [hello.ApplicationMockMvcTests]: using defaults.
03:18:01.856 [main] INFO org.springframework.boot.test.context.SpringBootTestContextBootstrapper - Loaded default TestExecutionListener class names from location [META-INF/spring.factories]: [org.springframework.boot.test.mock.mockito.MockitoTestExecutionListener, org.springframework.boot.test.mock.mockito.ResetMocksTestExecutionListener, org.springframework.boot.test.autoconfigure.restdocs.RestDocsTestExecutionListener, org.springframework.boot.test.autoconfigure.web.client.MockRestServiceServerResetTestExecutionListener, org.springframework.boot.test.autoconfigure.web.servlet.MockMvcPrintOnlyOnFailureTestExecutionListener, org.springframework.boot.test.autoconfigure.web.servlet.WebDriverTestExecutionListener, org.springframework.test.context.web.ServletTestExecutionListener, org.springframework.test.context.support.DirtiesContextBeforeModesTestExecutionListener, org.springframework.test.context.support.DependencyInjectionTestExecutionListener, org.springframework.test.context.support.DirtiesContextTestExecutionListener, org.springframework.test.context.transaction.TransactionalTestExecutionListener, org.springframework.test.context.jdbc.SqlScriptsTestExecutionListener]
03:18:01.964 [main] INFO org.springframework.boot.test.context.SpringBootTestContextBootstrapper - Could not instantiate TestExecutionListener [org.springframework.test.context.transaction.TransactionalTestExecutionListener]. Specify custom listener classes or make the default listener classes (and their required dependencies) available. Offending class: [org/springframework/transaction/interceptor/TransactionAttributeSource]
03:18:01.968 [main] INFO org.springframework.boot.test.context.SpringBootTestContextBootstrapper - Could not instantiate TestExecutionListener [org.springframework.test.context.jdbc.SqlScriptsTestExecutionListener]. Specify custom listener classes or make the default listener classes (and their required dependencies) available. Offending class: [org/springframework/transaction/interceptor/TransactionAttribute]
03:18:01.969 [main] INFO org.springframework.boot.test.context.SpringBootTestContextBootstrapper - Using TestExecutionListeners: [org.springframework.test.context.web.ServletTestExecutionListener@1bb8443, org.springframework.test.context.support.DirtiesContextBeforeModesTestExecutionListener@176dcec, org.springframework.boot.test.autoconfigure.SpringBootDependencyInjectionTestExecutionListener@d6fe6, org.springframework.test.context.support.DirtiesContextTestExecutionListener@1a2ca36, org.springframework.boot.test.mock.mockito.MockitoTestExecutionListener@44d69d, org.springframework.boot.test.autoconfigure.web.servlet.WebDriverTestExecutionListener@172ed45, org.springframework.boot.test.mock.mockito.ResetMocksTestExecutionListener@79c292, org.springframework.boot.test.autoconfigure.web.client.MockRestServiceServerResetTestExecutionListener@1574691, org.springframework.boot.test.autoconfigure.web.servlet.MockMvcPrintOnlyOnFailureTestExecutionListener@1359ed8, org.springframework.boot.test.autoconfigure.restdocs.RestDocsTestExecutionListener@1a947fe]
03:18:01.976 [main] DEBUG org.springframework.test.annotation.ProfileValueUtils - Retrieved @ProfileValueSourceConfiguration [null] for test class [hello.ApplicationMockMvcTests]
03:18:01.979 [main] DEBUG org.springframework.test.annotation.ProfileValueUtils - Retrieved ProfileValueSource type [class org.springframework.test.annotation.SystemProfileValueSource] for class [hello.ApplicationMockMvcTests]
03:18:01.985 [main] DEBUG org.springframework.test.context.junit4.SpringJUnit4ClassRunner - SpringJUnit4ClassRunner constructor called with [class hello.ApplicationMockMvcTests]
03:18:01.986 [main] DEBUG org.springframework.test.context.BootstrapUtils - Instantiating CacheAwareContextLoaderDelegate from class [org.springframework.test.context.cache.DefaultCacheAwareContextLoaderDelegate]
03:18:01.986 [main] DEBUG org.springframework.test.context.BootstrapUtils - Instantiating BootstrapContext using constructor [public org.springframework.test.context.support.DefaultBootstrapContext(java.lang.Class,org.springframework.test.context.CacheAwareContextLoaderDelegate)]
03:18:01.988 [main] DEBUG org.springframework.test.context.BootstrapUtils - Instantiating TestContextBootstrapper for test class [hello.ApplicationMockMvcTests] from class [org.springframework.boot.test.context.SpringBootTestContextBootstrapper]
03:18:01.989 [main] INFO org.springframework.boot.test.context.SpringBootTestContextBootstrapper - Neither @ContextConfiguration nor @ContextHierarchy found for test class [hello.ApplicationMockMvcTests], using SpringBootContextLoader
03:18:01.990 [main] DEBUG org.springframework.test.context.support.AbstractContextLoader - Did not detect default resource location for test class [hello.ApplicationMockMvcTests]: class path resource [hello/ApplicationMockMvcTests-context.xml] does not exist
03:18:01.994 [main] DEBUG org.springframework.test.context.support.AbstractContextLoader - Did not detect default resource location for test class [hello.ApplicationMockMvcTests]: class path resource [hello/ApplicationMockMvcTestsContext.groovy] does not exist
03:18:01.995 [main] INFO org.springframework.test.context.support.AbstractContextLoader - Could not detect default resource locations for test class [hello.ApplicationMockMvcTests]: no resource found for suffixes {-context.xml, Context.groovy}.
03:18:01.995 [main] INFO org.springframework.test.context.support.AnnotationConfigContextLoaderUtils - Could not detect default configuration classes for test class [hello.ApplicationMockMvcTests]: ApplicationMockMvcTests does not declare any static, non-private, non-final, nested classes annotated with @Configuration.
03:18:02.026 [main] DEBUG org.springframework.test.context.support.ActiveProfilesUtils - Could not find an 'annotation declaring class' for annotation type [org.springframework.test.context.ActiveProfiles] and class [hello.ApplicationMockMvcTests]
03:18:02.026 [main] DEBUG org.springframework.core.env.StandardEnvironment - Adding [systemProperties] PropertySource with lowest search precedence
03:18:02.027 [main] DEBUG org.springframework.core.env.StandardEnvironment - Adding [systemEnvironment] PropertySource with lowest search precedence
03:18:02.028 [main] DEBUG org.springframework.core.env.StandardEnvironment - Initialized StandardEnvironment with PropertySources [systemProperties,systemEnvironment]
03:18:02.028 [main] INFO org.springframework.boot.test.context.SpringBootTestContextBootstrapper - Found @SpringBootConfiguration hello.Application for test class hello.ApplicationMockMvcTests
03:18:02.034 [main] DEBUG org.springframework.boot.test.context.SpringBootTestContextBootstrapper - @TestExecutionListeners is not present for class [hello.ApplicationMockMvcTests]: using defaults.
03:18:02.079 [main] INFO org.springframework.boot.test.context.SpringBootTestContextBootstrapper - Loaded default TestExecutionListener class names from location [META-INF/spring.factories]: [org.springframework.boot.test.mock.mockito.MockitoTestExecutionListener, org.springframework.boot.test.mock.mockito.ResetMocksTestExecutionListener, org.springframework.boot.test.autoconfigure.restdocs.RestDocsTestExecutionListener, org.springframework.boot.test.autoconfigure.web.client.MockRestServiceServerResetTestExecutionListener, org.springframework.boot.test.autoconfigure.web.servlet.MockMvcPrintOnlyOnFailureTestExecutionListener, org.springframework.boot.test.autoconfigure.web.servlet.WebDriverTestExecutionListener, org.springframework.test.context.web.ServletTestExecutionListener, org.springframework.test.context.support.DirtiesContextBeforeModesTestExecutionListener, org.springframework.test.context.support.DependencyInjectionTestExecutionListener, org.springframework.test.context.support.DirtiesContextTestExecutionListener, org.springframework.test.context.transaction.TransactionalTestExecutionListener, org.springframework.test.context.jdbc.SqlScriptsTestExecutionListener]
03:18:02.129 [main] INFO org.springframework.boot.test.context.SpringBootTestContextBootstrapper - Could not instantiate TestExecutionListener [org.springframework.test.context.transaction.TransactionalTestExecutionListener]. Specify custom listener classes or make the default listener classes (and their required dependencies) available. Offending class: [org/springframework/transaction/interceptor/TransactionAttributeSource]
03:18:02.131 [main] INFO org.springframework.boot.test.context.SpringBootTestContextBootstrapper - Could not instantiate TestExecutionListener [org.springframework.test.context.jdbc.SqlScriptsTestExecutionListener]. Specify custom listener classes or make the default listener classes (and their required dependencies) available. Offending class: [org/springframework/transaction/interceptor/TransactionAttribute]
03:18:02.132 [main] INFO org.springframework.boot.test.context.SpringBootTestContextBootstrapper - Using TestExecutionListeners: [org.springframework.test.context.web.ServletTestExecutionListener@1175e74, org.springframework.test.context.support.DirtiesContextBeforeModesTestExecutionListener@1b58ca3, org.springframework.boot.test.autoconfigure.SpringBootDependencyInjectionTestExecutionListener@540f5a, org.springframework.test.context.support.DirtiesContextTestExecutionListener@10c2e6b, org.springframework.boot.test.mock.mockito.MockitoTestExecutionListener@52a00, org.springframework.boot.test.autoconfigure.web.servlet.WebDriverTestExecutionListener@1826d77, org.springframework.boot.test.mock.mockito.ResetMocksTestExecutionListener@1009542, org.springframework.boot.test.autoconfigure.web.client.MockRestServiceServerResetTestExecutionListener@1e9807f, org.springframework.boot.test.autoconfigure.web.servlet.MockMvcPrintOnlyOnFailureTestExecutionListener@8ff1a8, org.springframework.boot.test.autoconfigure.restdocs.RestDocsTestExecutionListener@38c59b]
03:18:02.138 [main] DEBUG org.springframework.test.annotation.ProfileValueUtils - Retrieved @ProfileValueSourceConfiguration [null] for test class [hello.ApplicationMockMvcTests]
03:18:02.138 [main] DEBUG org.springframework.test.annotation.ProfileValueUtils - Retrieved ProfileValueSource type [class org.springframework.test.annotation.SystemProfileValueSource] for class [hello.ApplicationMockMvcTests]
03:18:02.141 [main] DEBUG org.springframework.test.annotation.ProfileValueUtils - Retrieved @ProfileValueSourceConfiguration [null] for test class [hello.ApplicationMockMvcTests]
03:18:02.141 [main] DEBUG org.springframework.test.annotation.ProfileValueUtils - Retrieved ProfileValueSource type [class org.springframework.test.annotation.SystemProfileValueSource] for class [hello.ApplicationMockMvcTests]
]]></system-out>
  </testcase>
</testsuite>